# JRE version: Java(TM) SE Runtime Environment (8.0_191-b12) (build 1.8.0_191-b12)
# Java VM: Java HotSpot(TM) 64-Bit Server VM (25.191-b12 mixed mode windows-amd64 compressed oops)
Heap:
 PSYoungGen      total 235520K, used 7097K [0x00000000d6700000, 0x00000000e6400000, 0x0000000100000000)
  eden space 220672K, 3% used [0x00000000d6700000,0x00000000d6dee530,0x00000000e3e80000)
  from space 14848K, 0% used [0x00000000e3e80000,0x00000000e3e80000,0x00000000e4d00000)
  to   space 13312K, 0% used [0x00000000e4d00000,0x00000000e4d00000,0x00000000e5a00000)
 ParOldGen       total 67072K, used 15872K [0x0000000083400000, 0x0000000087580000, 0x00000000d6700000)
  object space 67072K, 23% used [0x0000000083400000,0x0000000084380060,0x0000000087580000)
 Metaspace       used 40888K, capacity 43302K, committed 44288K, reserved 1091584K
  class space    used 5738K, capacity 6176K, committed 6400K, reserved 1048576K
GC Heap History (10 events):
Event: 51.782 GC heap before
{Heap before GC invocations=20 (full 7):
 PSYoungGen      total 235520K, used 0K [0x00000000d6700000, 0x00000000e6400000, 0x0000000100000000)
  eden space 220672K, 0% used [0x00000000d6700000,0x00000000d6700000,0x00000000e3e80000)
  from space 14848K, 0% used [0x00000000e3e80000,0x00000000e3e80000,0x00000000e4d00000)
  to   space 13312K, 0% used [0x00000000e4d00000,0x00000000e4d00000,0x00000000e5a00000)
 ParOldGen       total 67072K, used 15898K [0x0000000083400000, 0x0000000087580000, 0x00000000d6700000)
  object space 67072K, 23% used [0x0000000083400000,0x0000000084386a10,0x0000000087580000)
 Metaspace       used 40889K, capacity 43244K, committed 44032K, reserved 1095680K
  class space    used 5739K, capacity 6177K, committed 6400K, reserved 1048576K
Event: 52.102 GC heap after
Heap after GC invocations=20 (full 7):
 PSYoungGen      total 235520K, used 0K [0x00000000d6700000, 0x00000000e6400000, 0x0000000100000000)
  eden space 220672K, 0% used [0x00000000d6700000,0x00000000d6700000,0x00000000e3e80000)
  from space 14848K, 0% used [0x00000000e3e80000,0x00000000e3e80000,0x00000000e4d00000)
  to   space 13312K, 0% used [0x00000000e4d00000,0x00000000e4d00000,0x00000000e5a00000)
 ParOldGen       total 67072K, used 15881K [0x0000000083400000, 0x0000000087580000, 0x00000000d6700000)
  object space 67072K, 23% used [0x0000000083400000,0x0000000084382690,0x0000000087580000)
 Metaspace       used 40885K, capacity 43238K, committed 44032K, reserved 1091584K
  class space    used 5738K, capacity 6176K, committed 6400K, reserved 1048576K
}
Event: 52.103 GC heap before
{Heap before GC invocations=21 (full 7):
 PSYoungGen      total 235520K, used 6056K [0x00000000d6700000, 0x00000000e6400000, 0x0000000100000000)
  eden space 220672K, 2% used [0x00000000d6700000,0x00000000d6cea188,0x00000000e3e80000)
  from space 14848K, 0% used [0x00000000e3e80000,0x00000000e3e80000,0x00000000e4d00000)
  to   space 13312K, 0% used [0x00000000e4d00000,0x00000000e4d00000,0x00000000e5a00000)
 ParOldGen       total 67072K, used 15881K [0x0000000083400000, 0x0000000087580000, 0x00000000d6700000)
  object space 67072K, 23% used [0x0000000083400000,0x0000000084382690,0x0000000087580000)
 Metaspace       used 40885K, capacity 43238K, committed 44032K, reserved 1099776K
  class space    used 5738K, capacity 6176K, committed 6400K, reserved 1048576K
Event: 52.109 GC heap after
Heap after GC invocations=21 (full 7):
 PSYoungGen      total 233984K, used 96K [0x00000000d6700000, 0x00000000e6400000, 0x0000000100000000)
  eden space 220672K, 0% used [0x00000000d6700000,0x00000000d6700000,0x00000000e3e80000)
  from space 13312K, 0% used [0x00000000e4d00000,0x00000000e4d18000,0x00000000e5a00000)
  to   space 14848K, 0% used [0x00000000e3e80000,0x00000000e3e80000,0x00000000e4d00000)
 ParOldGen       total 67072K, used 15881K [0x0000000083400000, 0x0000000087580000, 0x00000000d6700000)
  object space 67072K, 23% used [0x0000000083400000,0x0000000084382690,0x0000000087580000)
 Metaspace       used 40885K, capacity 43238K, committed 44032K, reserved 1099776K
  class space    used 5738K, capacity 6176K, committed 6400K, reserved 1048576K
}
Event: 52.109 GC heap before
{Heap before GC invocations=22 (full 8):
 PSYoungGen      total 233984K, used 96K [0x00000000d6700000, 0x00000000e6400000, 0x0000000100000000)
  eden space 220672K, 0% used [0x00000000d6700000,0x00000000d6700000,0x00000000e3e80000)
  from space 13312K, 0% used [0x00000000e4d00000,0x00000000e4d18000,0x00000000e5a00000)
  to   space 14848K, 0% used [0x00000000e3e80000,0x00000000e3e80000,0x00000000e4d00000)
 ParOldGen       total 67072K, used 15881K [0x0000000083400000, 0x0000000087580000, 0x00000000d6700000)
  object space 67072K, 23% used [0x0000000083400000,0x0000000084382690,0x0000000087580000)
 Metaspace       used 40885K, capacity 43238K, committed 44032K, reserved 1099776K
  class space    used 5738K, capacity 6176K, committed 6400K, reserved 1048576K
Event: 52.195 GC heap after
Heap after GC invocations=22 (full 8):
 PSYoungGen      total 233984K, used 0K [0x00000000d6700000, 0x00000000e6400000, 0x0000000100000000)
  eden space 220672K, 0% used [0x00000000d6700000,0x00000000d6700000,0x00000000e3e80000)
  from space 13312K, 0% used [0x00000000e4d00000,0x00000000e4d00000,0x00000000e5a00000)
  to   space 14848K, 0% used [0x00000000e3e80000,0x00000000e3e80000,0x00000000e4d00000)
 ParOldGen       total 67072K, used 15872K [0x0000000083400000, 0x0000000087580000, 0x00000000d6700000)
  object space 67072K, 23% used [0x0000000083400000,0x0000000084380268,0x0000000087580000)
 Metaspace       used 40885K, capacity 43238K, committed 44032K, reserved 1091584K
  class space    used 5738K, capacity 6176K, committed 6400K, reserved 1048576K
}
Event: 52.195 GC heap before
{Heap before GC invocations=23 (full 8):
 PSYoungGen      total 233984K, used 0K [0x00000000d6700000, 0x00000000e6400000, 0x0000000100000000)
  eden space 220672K, 0% used [0x00000000d6700000,0x00000000d6700000,0x00000000e3e80000)
  from space 13312K, 0% used [0x00000000e4d00000,0x00000000e4d00000,0x00000000e5a00000)
  to   space 14848K, 0% used [0x00000000e3e80000,0x00000000e3e80000,0x00000000e4d00000)
 ParOldGen       total 67072K, used 15872K [0x0000000083400000, 0x0000000087580000, 0x00000000d6700000)
  object space 67072K, 23% used [0x0000000083400000,0x0000000084380268,0x0000000087580000)
 Metaspace       used 40885K, capacity 43238K, committed 44032K, reserved 1095680K
  class space    used 5738K, capacity 6176K, committed 6400K, reserved 1048576K
Event: 52.243 GC heap after
Heap after GC invocations=23 (full 8):
 PSYoungGen      total 235520K, used 0K [0x00000000d6700000, 0x00000000e6400000, 0x0000000100000000)
  eden space 220672K, 0% used [0x00000000d6700000,0x00000000d6700000,0x00000000e3e80000)
  from space 14848K, 0% used [0x00000000e3e80000,0x00000000e3e80000,0x00000000e4d00000)
  to   space 13312K, 0% used [0x00000000e4d00000,0x00000000e4d00000,0x00000000e5a00000)
 ParOldGen       total 67072K, used 15872K [0x0000000083400000, 0x0000000087580000, 0x00000000d6700000)
  object space 67072K, 23% used [0x0000000083400000,0x0000000084380268,0x0000000087580000)
 Metaspace       used 40885K, capacity 43238K, committed 44032K, reserved 1095680K
  class space    used 5738K, capacity 6176K, committed 6400K, reserved 1048576K
}
Event: 52.243 GC heap before
{Heap before GC invocations=24 (full 9):
 PSYoungGen      total 235520K, used 0K [0x00000000d6700000, 0x00000000e6400000, 0x0000000100000000)
  eden space 220672K, 0% used [0x00000000d6700000,0x00000000d6700000,0x00000000e3e80000)
  from space 14848K, 0% used [0x00000000e3e80000,0x00000000e3e80000,0x00000000e4d00000)
  to   space 13312K, 0% used [0x00000000e4d00000,0x00000000e4d00000,0x00000000e5a00000)
 ParOldGen       total 67072K, used 15872K [0x0000000083400000, 0x0000000087580000, 0x00000000d6700000)
  object space 67072K, 23% used [0x0000000083400000,0x0000000084380268,0x0000000087580000)
 Metaspace       used 40885K, capacity 43238K, committed 44032K, reserved 1095680K
  class space    used 5738K, capacity 6176K, committed 6400K, reserved 1048576K
Event: 52.371 GC heap after
Heap after GC invocations=24 (full 9):
 PSYoungGen      total 235520K, used 0K [0x00000000d6700000, 0x00000000e6400000, 0x0000000100000000)
  eden space 220672K, 0% used [0x00000000d6700000,0x00000000d6700000,0x00000000e3e80000)
  from space 14848K, 0% used [0x00000000e3e80000,0x00000000e3e80000,0x00000000e4d00000)
  to   space 13312K, 0% used [0x00000000e4d00000,0x00000000e4d00000,0x00000000e5a00000)
 ParOldGen       total 67072K, used 15872K [0x0000000083400000, 0x0000000087580000, 0x00000000d6700000)
  object space 67072K, 23% used [0x0000000083400000,0x0000000084380060,0x0000000087580000)
 Metaspace       used 40885K, capacity 43238K, committed 44032K, reserved 1091584K
  class space    used 5738K, capacity 6176K, committed 6400K, reserved 1048576K
}

